"C:\Program Files\JetBrains\CLion 2023.2.1\bin\cmake\win\x64\bin\cmake.exe" -DCMAKE_BUILD_TYPE=Debug -DCMAKE_DEPENDS_USE_COMPILER=FALSE -G "CodeBlocks - MinGW Makefiles" -S \\wsl.localhost\Ubuntu-20.04\home\alon\project -B \\wsl.localhost\Ubuntu-20.04\home\alon\project\cmake-build-debug
-- The C compiler identification is unknown
-- The CXX compiler identification is unknown
-- Detecting C compiler ABI info
-- Detecting C compiler ABI info - failed
-- Check for working C compiler: C:/Program Files/JetBrains/CLion 2023.2.1/bin/mingw/bin/gcc.exe
-- Check for working C compiler: C:/Program Files/JetBrains/CLion 2023.2.1/bin/mingw/bin/gcc.exe - broken
CMake Error at C:/Program Files/JetBrains/CLion 2023.2.1/bin/cmake/win/x64/share/cmake-3.26/Modules/CMakeTestCCompiler.cmake:67 (message):
  The C compiler

    "C:/Program Files/JetBrains/CLion 2023.2.1/bin/mingw/bin/gcc.exe"

  is not able to compile a simple test program.

  It fails with the following output:

    Change Dir: //wsl.localhost/Ubuntu-20.04/home/alon/project/cmake-build-debug/CMakeFiles/CMakeScratch/TryCompile-78iwrz
    
    Run Build Command(s):C:/Program Files/JetBrains/CLion 2023.2.1/bin/cmake/win/x64/bin/cmake.exe -E env VERBOSE=1 C:/PROGRA~1/JETBRA~1/CLION2~1.1/bin/mingw/bin/mingw32-make.exe -f Makefile cmTC_4c632/fast && C:/PROGRA~1/JETBRA~1/CLION2~1.1/bin/mingw/bin/mingw32-make.exe  -f CMakeFiles\cmTC_4c632.dir\build.make CMakeFiles/cmTC_4c632.dir/build
    mingw32-make[1]: Entering directory '//wsl.localhost/Ubuntu-20.04/home/alon/project/cmake-build-debug/CMakeFiles/CMakeScratch/TryCompile-78iwrz'
    Building C object CMakeFiles/cmTC_4c632.dir/testCCompiler.c.obj
    C:\PROGRA~1\JETBRA~1\CLION2~1.1\bin\mingw\bin\gcc.exe    -o CMakeFiles\cmTC_4c632.dir\testCCompiler.c.obj -c "\\wsl.localhost\Ubuntu-20.04\home\alon\project\cmake-build-debug\CMakeFiles\CMakeScratch\TryCompile-78iwrz\testCCompiler.c"
    Assembler messages:
    Fatal error: can't create CMakeFiles\cmTC_4c632.dir\testCCompiler.c.obj: Invalid argument
    mingw32-make[1]: *** [CMakeFiles\cmTC_4c632.dir\build.make:77: CMakeFiles/cmTC_4c632.dir/testCCompiler.c.obj] Error 1
    mingw32-make[1]: Leaving directory '//wsl.localhost/Ubuntu-20.04/home/alon/project/cmake-build-debug/CMakeFiles/CMakeScratch/TryCompile-78iwrz'
    mingw32-make: *** [Makefile:126: cmTC_4c632/fast] Error 2
    
    

  

  CMake will not be able to correctly generate this project.
Call Stack (most recent call first):
  CMakeLists.txt:2 (project)


-- Configuring incomplete, errors occurred!
